[2026-06-23 06:52:59] local.ERROR: Uncaught Symfony\Component\Finder\Exception\DirectoryNotFoundException: The "C:\Users\Admin\Desktop\e-commerceApp\ShopLicSoft\resources\views" directory does not exist. in /home/mr-cyber/Desktop/e-commerceApp/ShopLicSoft/vendor/symfony/finder/Finder.php:651
Stack trace:
#0 /home/mr-cyber/Desktop/e-commerceApp/ShopLicSoft/vendor/laravel/framework/src/Illuminate/Filesystem/Filesystem.php(584): Symfony\Component\Finder\Finder->in()
#1 Command line code(45): Illuminate\Filesystem\Filesystem->files()
#2 Command line code(71): getViews()
#3 {main}
  thrown {"exception":"[object] (Symfony\\Component\\ErrorHandler\\Error\\FatalError(code: 0): Uncaught Symfony\\Component\\Finder\\Exception\\DirectoryNotFoundException: The \"C:\\Users\\Admin\\Desktop\\e-commerceApp\\ShopLicSoft\\resources\\views\" directory does not exist. in /home/mr-cyber/Desktop/e-commerceApp/ShopLicSoft/vendor/symfony/finder/Finder.php:651
Stack trace:
#0 /home/mr-cyber/Desktop/e-commerceApp/ShopLicSoft/vendor/laravel/framework/src/Illuminate/Filesystem/Filesystem.php(584): Symfony\\Component\\Finder\\Finder->in()
#1 Command line code(45): Illuminate\\Filesystem\\Filesystem->files()
#2 Command line code(71): getViews()
#3 {main}
  thrown at /home/mr-cyber/Desktop/e-commerceApp/ShopLicSoft/vendor/symfony/finder/Finder.php:651)
[stacktrace]
#0 {main}
"} 
[2026-06-23 07:03:34] local.ERROR: Uncaught Symfony\Component\Finder\Exception\DirectoryNotFoundException: The "C:\Users\Admin\Desktop\e-commerceApp\ShopLicSoft\resources\views" directory does not exist. in /home/mr-cyber/Desktop/e-commerceApp/ShopLicSoft/vendor/symfony/finder/Finder.php:651
Stack trace:
#0 /home/mr-cyber/Desktop/e-commerceApp/ShopLicSoft/vendor/laravel/framework/src/Illuminate/Filesystem/Filesystem.php(584): Symfony\Component\Finder\Finder->in()
#1 Command line code(45): Illuminate\Filesystem\Filesystem->files()
#2 Command line code(71): getViews()
#3 {main}
  thrown {"exception":"[object] (Symfony\\Component\\ErrorHandler\\Error\\FatalError(code: 0): Uncaught Symfony\\Component\\Finder\\Exception\\DirectoryNotFoundException: The \"C:\\Users\\Admin\\Desktop\\e-commerceApp\\ShopLicSoft\\resources\\views\" directory does not exist. in /home/mr-cyber/Desktop/e-commerceApp/ShopLicSoft/vendor/symfony/finder/Finder.php:651
Stack trace:
#0 /home/mr-cyber/Desktop/e-commerceApp/ShopLicSoft/vendor/laravel/framework/src/Illuminate/Filesystem/Filesystem.php(584): Symfony\\Component\\Finder\\Finder->in()
#1 Command line code(45): Illuminate\\Filesystem\\Filesystem->files()
#2 Command line code(71): getViews()
#3 {main}
  thrown at /home/mr-cyber/Desktop/e-commerceApp/ShopLicSoft/vendor/symfony/finder/Finder.php:651)
[stacktrace]
#0 {main}
"} 
[2026-06-23 07:04:31] local.ERROR: Uncaught Error: Call to undefined method Illuminate\Support\Facades\Route::getTable() in Command line code:26
Stack trace:
#0 {main}
  thrown {"exception":"[object] (Symfony\\Component\\ErrorHandler\\Error\\FatalError(code: 0): Uncaught Error: Call to undefined method Illuminate\\Support\\Facades\\Route::getTable() in Command line code:26
Stack trace:
#0 {main}
  thrown at Command line code:26)
[stacktrace]
#0 {main}
"} 
[2026-06-23 07:04:32] local.ERROR: Uncaught Error: Call to undefined method Illuminate\Support\Facades\Route::getTable() in Command line code:26
Stack trace:
#0 {main}
  thrown {"exception":"[object] (Symfony\\Component\\ErrorHandler\\Error\\FatalError(code: 0): Uncaught Error: Call to undefined method Illuminate\\Support\\Facades\\Route::getTable() in Command line code:26
Stack trace:
#0 {main}
  thrown at Command line code:26)
[stacktrace]
#0 {main}
"} 
[2026-06-23 07:06:35] local.ERROR: Uncaught Symfony\Component\Finder\Exception\DirectoryNotFoundException: The "C:\Users\Admin\Desktop\e-commerceApp\ShopLicSoft\resources\views" directory does not exist. in /home/mr-cyber/Documents/ShopLicSoft/vendor/symfony/finder/Finder.php:651
Stack trace:
#0 /home/mr-cyber/Documents/ShopLicSoft/vendor/laravel/framework/src/Illuminate/Filesystem/Filesystem.php(584): Symfony\Component\Finder\Finder->in()
#1 Command line code(45): Illuminate\Filesystem\Filesystem->files()
#2 Command line code(71): getViews()
#3 {main}
  thrown {"exception":"[object] (Symfony\\Component\\ErrorHandler\\Error\\FatalError(code: 0): Uncaught Symfony\\Component\\Finder\\Exception\\DirectoryNotFoundException: The \"C:\\Users\\Admin\\Desktop\\e-commerceApp\\ShopLicSoft\\resources\\views\" directory does not exist. in /home/mr-cyber/Documents/ShopLicSoft/vendor/symfony/finder/Finder.php:651
Stack trace:
#0 /home/mr-cyber/Documents/ShopLicSoft/vendor/laravel/framework/src/Illuminate/Filesystem/Filesystem.php(584): Symfony\\Component\\Finder\\Finder->in()
#1 Command line code(45): Illuminate\\Filesystem\\Filesystem->files()
#2 Command line code(71): getViews()
#3 {main}
  thrown at /home/mr-cyber/Documents/ShopLicSoft/vendor/symfony/finder/Finder.php:651)
[stacktrace]
#0 {main}
"} 
